Hypho2016_00000484	367	TTKRSYEDQ~TTKRSYEDQ	303	353	..	303	353	..
Hypho2016_00000517	303	Ydc2-catalyt~Pox_A22~Ydc2-catalyt	9	42	..	145	252	..	153	256	..
Hypho2016_00000508	673	Ank_2~Ank_2~Ank_4	141	237	..	267	362	..	335	353	..
Hypho2016_00000530	248	SprT-like~DM	78	127	..	97	141	..
Hypho2016_00000490	727	partial_CstF~Ank_2~Ank_2~Ank_2~AAA_23~Exonuc_VII_L	5	35	..	143	210	..	312	406	..	412	491	..	595	713	..	598	714	..
Hypho2016_00000498	315	Med7~SlyX~STN1_2~SlyX	25	75	..	118	155	..	166	213	..	203	222	..
Hypho2016_00000486	504	Ank_2~Ank_4~DUF2384	29	93	..	143	162	..	445	466	..
Hypho2016_00000475	2263	Laminin_G_3	1899	2029	..
Hypho2016_00000505	1048	MutS_I~MutS_II~MutS_III~MutS_V~HNH	28	138	..	162	234	..	317	629	..	639	902	..	933	977	..
Hypho2016_00000528	713	RNase_H	569	688	..
Hypho2016_00000518	683	Ank_2~Ank_2~Caps_synth~TcdA_TcdB	3	50	..	58	129	..	399	527	..	503	523	..
Hypho2016_00000480	500	ANAPC3~TPR_12~DUF563	31	102	..	109	153	..	257	472	..
Hypho2016_00000478	489	
Hypho2016_00000526	406	
Hypho2016_00000476	394	DUF4795~Pentapeptide_4~Pentapeptide_3	48	225	..	308	374	..	327	367	..
Hypho2016_00000503	369	
Hypho2016_00000510	367	NAD_binding_7	159	269	..
Hypho2016_00000529	316	Patatin	69	113	..
Hypho2016_00000532	300	Plectin~TFIIS_M~Lar_restr_allev~Baculo_LEF5_C	85	110	..	122	249	..	258	295	..	274	294	..
Hypho2016_00000495	286	CortBP2~Endonuclease_7~zf-ANAPC11	125	208	..	239	286	.]	258	285	..
Hypho2016_00000499	259	zf-ANAPC11~zf-rbx1	202	257	..	223	256	..
Hypho2016_00000525	192	
Hypho2016_00000507	181	SNase	56	159	..
Hypho2016_00000512	181	Chitin_bind_3~Vps36-NZF-N	4	152	..	141	160	..
Hypho2016_00000497	166	IBR~IBR	15	27	..	38	60	..
Hypho2016_00000487	164	
Hypho2016_00000489	129	
Hypho2016_00000501	125	DUF3090	52	121	..
Hypho2016_00000494	116	UBA	75	97	..
Hypho2016_00000492	87	Pox_I1~MMgT	6	57	..	24	52	..
Hypho2016_00000502	79	Phage_holin_2_4	7	49	..
Hypho2016_00000483	73	DUF4326	9	68	..
Hypho2016_00000493	63	
Hypho2016_00000523	415	Ank_2~Ank_2~Ank_4	125	184	..	214	290	..	269	290	..
Hypho2016_00000515	241	
Hypho2016_00000514	143	MOSP_C	61	112	..
Hypho2016_00000485	488	
Hypho2016_00000491	1036	PS_pyruv_trans	223	460	..
Hypho2016_00000506	1009	Ank_2~Ank_2~Ank_4~Ank_4	13	85	..	303	380	..	761	802	..	785	804	..
Hypho2016_00000488	694	Lentivirus_VIF	616	650	..
Hypho2016_00000479	557	Methyltransf_3~ANAPC3~OPT	41	169	..	216	286	..	457	514	..
Hypho2016_00000521	504	Isochorismatase~Isochorismatase	39	105	..	248	268	..
Hypho2016_00000519	502	GIY-YIG~DUF1815~DUF2185	22	69	..	101	132	..	182	226	..
Hypho2016_00000524	499	FYVE_2~Tektin~FYVE~Tektin~Mga	6	50	..	107	149	..	189	281	..	413	483	..	424	479	..
Hypho2016_00000516	458	Reo_sigmaC~CK2S	312	419	..	367	442	..
Hypho2016_00000504	454	L-fibroin	16	59	..
Hypho2016_00000531	418	APG6~DUF3627~Lipase_chap	143	247	..	250	333	..	331	366	..
Hypho2016_00000522	381	IncA~Bcr-Abl_Oligo	282	355	..	318	359	..
Hypho2016_00000513	380	PARP_regulatory~DNA_repr_REX1B	109	333	..	318	361	..
Hypho2016_00000527	337	
Hypho2016_00000482	278	MIP	43	253	..
Hypho2016_00000500	259	
Hypho2016_00000511	222	NUDIX	48	138	..
Hypho2016_00000509	214	Cupin_1~Cupin_2	45	177	..	68	144	..
Hypho2016_00000477	212	
Hypho2016_00000496	196	
Hypho2016_00000481	148	
Hypho2016_00000474	118	
Hypho2016_00000520	110	
Hypho2016_00000618	2253	Laminin_G_3~Laminin_G_3	631	774	..	1529	1674	..
Hypho2016_00000569	246	MARVEL~Cytochrom_B_N_2	74	204	..	103	204	..
Hypho2016_00000570	396	SgrT	84	109	..
Hypho2016_00000543	1164	HATPase_c~DNA_gyraseB~Toprim~TOPRIM_C~DNA_topoisoIV	70	168	..	282	387	..	441	539	..	556	676	..	679	1121	..
Hypho2016_00000591	142	Sigma70_ECF	25	84	..
Hypho2016_00000590	286	DUF2868~TolA_bind_tri	52	233	..	183	208	..
Hypho2016_00000617	258	
Hypho2016_00000609	4651	Laminin_G_3~Laminin_G_3~Laminin_G_3~Laminin_G_3~Laminin_G_3~Laminin_G_3~F5_F8_type_C~F5_F8_type_C~Laminin_G_3~Laminin_G_3~NHL~Laminin_G_3~Laminin_G_3~Laminin_G_3~Laminin_G_3~DUF1080	191	332	..	784	922	..	1194	1340	..	1425	1561	..	1644	1789	..	1876	1999	..	2120	2175	..	2219	2322	..	2371	2395	..	2467	2614	..	3549	3574	..	3627	3761	..	3861	3981	..	4065	4204	..	4282	4386	..	4342	4386	..
Hypho2016_00000610	3336	Laminin_G_3~F5_F8_type_C~Laminin_G_3~Laminin_G_3~Laminin_G_3~Laminin_G_3~Laminin_G_3~Laminin_G_3~Laminin_G_3~Laminin_G_3~Sialidase	533	665	..	1053	1183	..	1243	1389	..	1498	1635	..	1692	1835	..	1902	2042	..	2205	2342	..	2497	2630	..	2704	2853	..	3158	3282	..	3222	3284	..
Hypho2016_00000585	2792	Cep57_MT_bd~Med15_fungi	629	680	..	876	928	..
Hypho2016_00000611	2304	Laminin_G_3~Laminin_G_3~Laminin_G_3~Laminin_G_3~Laminin_G_3~Laminin_G_3~DUF1080	724	888	..	982	1111	..	1244	1390	..	1556	1638	..	1734	1881	..	1909	2045	..	1974	2007	..
Hypho2016_00000586	2065	Reo_sigmaC~DNA_pol_B_exo1~DNA_pol_B~Intein_splicing~DNA_pol_B	116	243	..	589	866	..	1008	1219	..	1460	1497	..	1497	1779	..
Hypho2016_00000577	1965	DNA_ligase_A_M~DNA_ligase_OB_2~SWIB~RNA_pol_Rpb1_1~RNA_pol_Rpb1_2~RNA_pol_Rpb1_3~RNA_pol_Rpb1_4~RNA_pol_Rpb1_5~RNA_pol_Rpb1_7	171	351	..	365	440	..	468	505	..	535	842	..	844	1005	..	1013	1172	..	1202	1305	..	1312	1882	..	1662	1756	..
Hypho2016_00000541	740	ResIII~Helicase_C~Helicase_C	65	286	..	450	573	..	450	573	..
Hypho2016_00000537	660	ResIII~zf-FLZ~zf-FCS	119	272	..	535	549	..	539	549	..
Hypho2016_00000598	621	PS_Dcarbxylase	76	167	..
Hypho2016_00000555	575	dTDP_sugar_isom~dTDP_sugar_isom~Collagen~Collagen~CDtoxinA~CDtoxinA	54	84	..	123	155	..	229	287	..	288	346	..	425	521	..	541	574	..
Hypho2016_00000548	541	Syntaxin_2~Syntaxin_2	278	340	..	413	441	..
Hypho2016_00000602	521	Tektin~Reo_sigmaC~CBM_4_9	90	221	..	256	362	..	327	383	..
Hypho2016_00000535	505	Sod_Fe_N~CBFD_NFYB_HMF~CBFD_NFYB_HMF~CBFD_NFYB_HMF	211	236	..	276	318	..	414	462	..	414	462	..
Hypho2016_00000552	441	Ank_2~Ank_4	324	414	..	354	377	..
Hypho2016_00000607	344	HIRA_B	3	14	..
Hypho2016_00000534	314	Cwf_Cwc_15~Cwf_Cwc_15	108	221	..	108	221	..
Hypho2016_00000566	303	SOBP~PAT1	112	299	..	118	285	..
Hypho2016_00000550	294	DUF4407~HIP1_clath_bdg	64	243	..	224	246	..
Hypho2016_00000612	287	AcrZ	237	269	..
Hypho2016_00000594	279	MCM_N	69	156	..
Hypho2016_00000546	264	
Hypho2016_00000587	249	DUF2232~COX2-transmemb	33	83	..	39	58	..
Hypho2016_00000568	232	
Hypho2016_00000564	220	RNA_pol_Rpb5_C	148	218	..
Hypho2016_00000600	220	7kD_coat~WLM~Ntox21	15	45	..	124	186	..	155	173	..
Hypho2016_00000608	217	Exonuc_VII_L~JIP_LZII  JNK-interacting protein	68	192	..	137	160	..
Hypho2016_00000559	210	Rpp20	71	107	..
Hypho2016_00000615	202	Neur_chan_memb~TolA_bind_tri	29	166	..	172	198	..
Hypho2016_00000539	201	SLD5_C	39	61	..
Hypho2016_00000574	193	TusA	44	83	..
Hypho2016_00000604	187	
Hypho2016_00000553	185	Dehydrin~CAP18_C	60	181	..	175	183	..
Hypho2016_00000551	164	AntA~SOBP~Rhodopsin_N	3	42	..	70	125	..	134	142	..
Hypho2016_00000582	147	dUTPase	17	145	..
Hypho2016_00000571	140	DUF1283~AntA	10	81	..	75	116	..
Hypho2016_00000547	134	
Hypho2016_00000557	131	
Hypho2016_00000544	117	Ank_2~Ank	6	89	..	65	91	..
Hypho2016_00000613	107	
Hypho2016_00000572	68	DUF3509	18	39	..
Hypho2016_00000616	510	Na_Pi_cotrans~Na_Pi_cotrans	66	169	..	277	391	..
Hypho2016_00000578	265	TMCO5~BTB_2	38	148	..	167	250	..
Hypho2016_00000565	395	YqaJ~UPF0547	29	185	..	147	164	..
Hypho2016_00000561	1413	ResIII~Helicase_C	65	278	..	540	614	..
Hypho2016_00000599	1259	
Hypho2016_00000536	1111	zf-UDP~Aminotran_5~Beta_elim_lyase	476	534	..	702	1096	..	775	1082	..
Hypho2016_00000533	1071	MutS_III~MutS_III~PCNA_N	100	133	..	349	531	..	810	934	..
Hypho2016_00000576	873	mRNA_cap_C~Pox_MCEL~Methyltransf_11	429	545	..	601	833	..	698	747	..
Hypho2016_00000614	817	TPR_16~SPO22~DUF563	269	335	..	409	485	..	547	785	..
Hypho2016_00000597	813	DDE_Tnp_IS66_C~DDE_Tnp_IS66_C	51	65	..	477	489	..
Hypho2016_00000542	715	
Hypho2016_00000549	665	Methyltransf_28~TPR_11~TPR_6	116	258	..	560	623	..	596	619	..
Hypho2016_00000545	607	RNA_pol_L~Ank_2~Ank_2	34	349	..	443	520	..	473	529	..
Hypho2016_00000584	527	
Hypho2016_00000593	423	Terminase_4	39	72	..
Hypho2016_00000558	410	Peptidase_C48	288	403	..
Hypho2016_00000563	398	DUF1942~GPS~GPS	95	157	..	254	262	..	320	329	..
Hypho2016_00000603	390	NTP_transferase~MannoseP_isomer	7	295	..	336	381	..
Hypho2016_00000581	383	
Hypho2016_00000588	373	Pkinase~Fructosamin_kin	107	312	..	109	183	..
Hypho2016_00000567	347	DUF2203~Tfb4~Cep57_MT_bd	152	213	..	260	327	..	293	332	..
Hypho2016_00000554	316	Ank_4	91	142	..
Hypho2016_00000589	302	HypA~NMD3~Zn-ribbon_8	4	41	..	159	280	..	177	204	..
Hypho2016_00000592	279	
Hypho2016_00000579	263	
Hypho2016_00000595	231	NDUF_B12~COX4~DUF3278~DUF3278	21	46	..	53	94	..	94	112	..	183	223	..
Hypho2016_00000580	216	SCAN	27	61	..
Hypho2016_00000606	200	
Hypho2016_00000601	179	
Hypho2016_00000596	176	zf-FCS~zf-FCS	47	99	..	47	99	..
Hypho2016_00000540	155	
Hypho2016_00000605	141	DUF4136~DUF4136	52	115	..	52	115	..
Hypho2016_00000573	137	Response_reg~OKR_DC_1_N	17	127	..	40	101	..
Hypho2016_00000538	131	YppF	57	85	..
Hypho2016_00000575	115	PAP2_3~SpoIISA_toxin	57	108	..	60	110	..
Hypho2016_00000556	85	
Hypho2016_00000560	82	
Hypho2016_00000583	81	RNA_pol_N~Tetraspannin	6	81	.]	6	70	..
Hypho2016_00000562	68	OAD_gamma~TMEM132D_C	1	54	[.	4	43	..
