Hypho2016_00000905	gi|269860859|ref|XP_002650147.1|	51.38	290	137	4	4	292	5	291	1e-95	 295
Hypho2016_00000905	gi|302852458|ref|XP_002957749.1|	49.49	295	143	3	3	292	1	294	2e-92	 287
Hypho2016_00000905	gi|380485908|emb|CCF39053.1|	47.71	306	143	4	4	292	19	324	9e-91	 284
Hypho2016_00000912	gi|218547417|sp|P0C8K3.1|RPB2_ASFM2	42.38	998	548	10	54	1030	4	995	0.0	 818
Hypho2016_00000912	gi|218547417|sp|P0C8K3.1|RPB2_ASFM2	52.46	244	116	0	1352	1595	997	1240	2e-66	 257
Hypho2016_00000912	gi|162849436|emb|CAN10401.1|	42.18	998	550	10	54	1030	4	995	0.0	 817
Hypho2016_00000912	gi|162849436|emb|CAN10401.1|	52.05	244	117	0	1352	1595	997	1240	5e-66	 255
Hypho2016_00000912	gi|162849263|emb|CAN10153.1|	42.18	998	550	10	54	1030	4	995	0.0	 817
Hypho2016_00000912	gi|162849263|emb|CAN10153.1|	52.05	244	117	0	1352	1595	997	1240	6e-66	 255
Hypho2016_00000906	gi|9628168|ref|NP_042754.1|	25.12	414	248	14	934	1307	846	1237	9e-28	 132
Hypho2016_00000906	gi|9628168|ref|NP_042754.1|	22.37	438	288	16	367	790	368	767	8e-15	89.7
Hypho2016_00000906	gi|291289504|emb|CBH29161.1|	25.12	414	248	14	934	1307	704	1095	1e-27	 131
Hypho2016_00000906	gi|291289504|emb|CBH29161.1|	22.37	438	288	16	367	790	226	625	6e-15	90.1
Hypho2016_00000906	gi|162849270|emb|CAN10160.1|	25.12	414	248	14	934	1307	846	1237	1e-27	 131
Hypho2016_00000906	gi|162849270|emb|CAN10160.1|	22.37	438	288	16	367	790	368	767	6e-15	90.1
Hypho2016_00000937	gi|162849454|emb|CAN10420.1|	35.53	954	559	21	83	1027	37	943	0.0	 575
Hypho2016_00000937	gi|9628179|ref|NP_042765.1|	35.53	954	559	21	83	1027	37	943	0.0	 575
Hypho2016_00000937	gi|303398756|emb|CBW46737.1|	35.47	953	559	21	84	1027	38	943	0.0	 574
Hypho2016_00000927	gi|488797532|ref|WP_002709938.1|	33.27	559	325	19	482	1015	428	963	2e-65	 248
Hypho2016_00000927	gi|516257079|ref|WP_017661042.1|	31.83	556	329	12	503	1027	612	1148	3e-65	 250
Hypho2016_00000927	gi|313672986|ref|YP_004051097.1|	31.79	519	320	13	519	1027	394	888	8e-64	 244
Hypho2016_00000916	gi|574467818|gb|ETV94839.1|	35.27	241	98	7	309	491	126	366	2e-23	 112
Hypho2016_00000916	gi|574099198|gb|ETV64828.1|	29.72	286	123	6	286	497	103	384	4e-22	 108
Hypho2016_00000916	gi|406920170|gb|EKD58283.1|	31.22	189	121	5	519	705	4	185	3e-20	99.8
Hypho2016_00000896	gi|522016675|ref|WP_020527946.1|	39.86	296	171	3	66	360	16	305	9e-66	 223
Hypho2016_00000896	gi|343470797|emb|CCD16606.1|	36.92	344	201	6	42	380	9	341	1e-65	 223
Hypho2016_00000896	gi|518789546|ref|WP_019946835.1|	36.74	313	186	4	66	372	11	317	3e-65	 221
Hypho2016_00000891	gi|531035857|ref|YP_008437491.1|	52.00	100	44	3	52	147	105	204	5e-19	92.4
Hypho2016_00000891	gi|531035857|ref|YP_008437491.1|	49.44	89	41	3	52	136	190	278	3e-11	70.5
Hypho2016_00000891	gi|449691740|ref|XP_004212781.1|	36.64	131	76	2	49	177	18	143	4e-18	87.8
Hypho2016_00000891	gi|449691740|ref|XP_004212781.1|	41.28	109	52	3	61	158	2	109	3e-13	73.9
Hypho2016_00000891	gi|574463190|gb|ETV90281.1|	47.27	110	54	4	36	142	226	334	4e-17	89.0
Hypho2016_00000891	gi|574463190|gb|ETV90281.1|	53.09	81	34	3	52	128	211	291	1e-14	81.6
Hypho2016_00000910	gi|514687392|ref|XP_004991273.1|	40.00	110	50	2	12	111	21	124	3e-20	89.7
Hypho2016_00000910	gi|297828804|ref|XP_002882284.1|	41.59	113	61	2	1	111	101	210	8e-20	90.9
Hypho2016_00000910	gi|21536491|gb|AAM60823.1|	41.74	115	58	4	1	111	101	210	2e-19	89.7
Hypho2016_00000913	gi|498380673|ref|WP_010694829.1|	32.56	387	214	14	13	388	2	352	2e-42	 163
Hypho2016_00000913	gi|260796907|ref|XP_002593446.1|	31.14	395	230	16	1	388	1	360	9e-40	 155
Hypho2016_00000913	gi|565460028|ref|XP_006288013.1|	31.42	401	208	14	8	393	3	351	3e-39	 154
Hypho2016_00000897	gi|229891974|sp|P0CAD6.1|VF315_ASFM2	30.26	304	195	7	86	378	16	313	6e-30	 129
Hypho2016_00000897	gi|229891973|sp|P0CAD5.1|VF315_ASFK5	29.93	304	196	7	86	378	17	314	6e-30	 129
Hypho2016_00000897	gi|229891975|sp|P0CAD7.1|VF315_ASFP4	29.93	304	196	7	86	378	16	313	1e-29	 128
Hypho2016_00000938	gi|229890276|sp|P0C9A4.1|H962L_ASFK5	32.59	764	405	23	3	697	4	726	1e-95	 332
Hypho2016_00000938	gi|81997100|sp|Q8V9U2.1|H962L_ASFM2	32.94	765	401	26	3	697	4	726	2e-94	 329
Hypho2016_00000938	gi|303398758|emb|CBW46739.1|	32.59	764	405	25	3	697	4	726	6e-94	 328
Hypho2016_00000932	gi|501309249|dbj|GAC98107.1|	38.62	857	437	21	11	839	3	798	0.0	 583
Hypho2016_00000932	gi|343425606|emb|CBQ69140.1|	39.14	833	428	20	11	825	3	774	0.0	 580
Hypho2016_00000932	gi|388855438|emb|CCF50884.1|	39.17	845	426	21	11	833	3	781	0.0	 580
Hypho2016_00000911	gi|568002966|gb|ETL77326.1|	35.75	179	97	4	134	308	17	181	5e-18	92.0
Hypho2016_00000911	gi|570974200|gb|ETP36653.1|	35.75	179	97	4	134	308	17	181	3e-17	92.8
Hypho2016_00000911	gi|568089328|gb|ETN04174.1|	30.09	226	133	7	127	339	33	246	2e-12	76.6
Hypho2016_00000892	gi|325179681|emb|CCA14079.1|	44.83	116	54	5	8	115	93	206	2e-16	90.5
Hypho2016_00000892	gi|348680977|gb|EGZ20793.1|	38.89	126	69	4	4	122	87	211	3e-14	81.3
Hypho2016_00000892	gi|568028846|gb|ETM02782.1|	40.34	119	63	4	4	115	8	125	8e-14	79.3
Hypho2016_00000904	gi|229892017|sp|P0CAH5.1|VF448_ASFP4	26.28	331	209	15	96	406	101	416	3e-14	83.6
Hypho2016_00000904	gi|9628169|ref|NP_042755.1|	26.28	331	209	15	96	406	101	416	4e-14	83.6
Hypho2016_00000904	gi|229892016|sp|P0CAH4.1|VF448_ASFM2	25.08	331	213	15	96	406	99	414	5e-12	77.0
Hypho2016_00000929	gi|229892012|sp|P0C970.1|VF424_ASFM2	41.75	297	144	8	35	317	59	340	6e-52	 189
Hypho2016_00000929	gi|303398740|emb|CBW46721.1|	41.41	297	145	8	35	317	59	340	1e-51	 188
Hypho2016_00000929	gi|229892014|sp|P0C967.1|VF424_ASFWA	41.41	297	145	8	35	317	59	340	2e-51	 189
Hypho2016_00000902	gi|568002966|gb|ETL77326.1|	35.03	177	101	2	13	189	21	183	2e-23	 105
Hypho2016_00000902	gi|570974200|gb|ETP36653.1|	35.03	177	101	2	13	189	21	183	2e-22	 106
Hypho2016_00000935	gi|50303495|ref|XP_451689.1|	36.15	130	74	4	71	200	36	156	1e-12	72.0
Hypho2016_00000935	gi|471197579|ref|XP_004255708.1|	37.93	87	45	2	116	200	45	124	7e-12	68.9
Hypho2016_00000935	gi|470316743|gb|EMR08489.1|	42.86	84	43	2	116	199	79	157	1e-11	68.9
Hypho2016_00000921	gi|323333776|gb|EGA75167.1|	33.11	148	93	3	6	152	8	150	2e-16	82.8
Hypho2016_00000921	gi|365761093|gb|EHN02769.1|	30.00	170	113	3	6	174	8	172	3e-16	83.2
Hypho2016_00000921	gi|156846045|ref|XP_001645911.1|	31.45	159	103	3	6	163	8	161	3e-16	83.2
Hypho2016_00000941	gi|156368768|ref|XP_001627864.1|	22.64	159	113	1	65	223	4	152	2e-20	94.7
Hypho2016_00000941	gi|156368768|ref|XP_001627864.1|	23.40	141	108	0	85	225	4	144	1e-18	89.7
Hypho2016_00000941	gi|585696340|ref|XP_006822188.1|	27.11	166	121	0	60	225	609	774	1e-17	91.3
Hypho2016_00000941	gi|585696340|ref|XP_006822188.1|	27.85	158	114	0	68	225	657	814	5e-17	89.7
Hypho2016_00000941	gi|585696340|ref|XP_006822188.1|	29.81	161	110	1	65	225	537	694	7e-17	89.4
Hypho2016_00000941	gi|585696340|ref|XP_006822188.1|	28.85	156	101	1	62	217	671	816	8e-16	85.9
Hypho2016_00000941	gi|585696340|ref|XP_006822188.1|	24.68	158	119	0	68	225	197	354	1e-14	82.4
Hypho2016_00000941	gi|585696340|ref|XP_006822188.1|	25.79	159	117	1	68	225	267	425	6e-14	80.1
Hypho2016_00000941	gi|585696340|ref|XP_006822188.1|	24.69	162	111	2	65	225	314	465	5e-13	77.4
Hypho2016_00000941	gi|585696340|ref|XP_006822188.1|	23.42	158	121	0	68	225	247	404	9e-13	76.6
Hypho2016_00000941	gi|585696340|ref|XP_006822188.1|	22.62	168	120	1	68	225	217	384	2e-11	72.8
Hypho2016_00000941	gi|585696340|ref|XP_006822188.1|	24.86	173	108	3	65	225	445	607	4e-11	71.2
Hypho2016_00000941	gi|443722965|gb|ELU11606.1|	30.11	176	120	1	52	224	158	333	6e-17	87.0
Hypho2016_00000941	gi|443722965|gb|ELU11606.1|	29.21	178	121	1	53	225	147	324	4e-14	79.0
Hypho2016_00000984	gi|301095788|ref|XP_002896993.1|	35.42	144	91	1	103	246	28	169	1e-21	98.2
Hypho2016_00000984	gi|566022668|gb|ETI45579.1|	43.81	105	56	1	145	246	65	169	2e-21	97.1
Hypho2016_00000984	gi|348677597|gb|EGZ17414.1|	43.88	98	55	0	149	246	72	169	5e-21	96.3
Hypho2016_00001015	gi|584450949|emb|CDM55853.1|	32.37	448	278	10	19	456	22	454	3e-55	 202
Hypho2016_00001015	gi|517728930|ref|WP_018899138.1|	32.73	440	275	9	19	448	22	450	1e-54	 201
Hypho2016_00001015	gi|495074087|ref|WP_007798912.1|	32.59	448	277	10	19	456	22	454	2e-54	 201
Hypho2016_00000952	gi|229892019|sp|P0CAH7.1|VF475_ASFK5	34.39	221	126	6	22	229	8	222	1e-26	 123
Hypho2016_00000952	gi|229891915|sp|P0CAH9.1|VF475_ASFWA	32.13	221	133	4	21	229	7	222	3e-26	 122
Hypho2016_00000952	gi|229891914|sp|P0CAH8.1|VF475_ASFP4	32.27	220	132	4	22	229	8	222	3e-26	 122
Hypho2016_00000946	gi|229891919|sp|P0CAI0.1|VF602_ASFK5	32.61	598	318	17	1	569	1	542	7e-89	 298
Hypho2016_00000946	gi|229891920|sp|P0CAI1.1|VF602_ASFP4	31.95	604	341	15	1	569	1	569	2e-86	 293
Hypho2016_00000946	gi|303398765|emb|CBW46746.1|	33.05	587	317	17	1	569	1	529	2e-86	 292
Hypho2016_00000968	gi|568089583|gb|ETN04425.1|	26.65	454	253	18	159	562	105	528	1e-21	 108
Hypho2016_00000968	gi|568089583|gb|ETN04425.1|	26.70	382	222	14	191	543	80	432	9e-17	93.2
Hypho2016_00000968	gi|568089583|gb|ETN04425.1|	28.62	311	185	14	158	458	244	527	3e-13	82.0
Hypho2016_00000968	gi|390369592|ref|XP_003731664.1|	28.25	361	223	14	158	491	82	433	2e-21	 109
Hypho2016_00000968	gi|390369592|ref|XP_003731664.1|	27.27	396	211	15	160	491	183	565	5e-18	98.6
Hypho2016_00000968	gi|390369592|ref|XP_003731664.1|	27.52	367	219	16	162	491	548	904	6e-14	85.5
Hypho2016_00000968	gi|390369592|ref|XP_003731664.1|	27.20	364	217	15	160	490	687	1035	7e-12	79.0
Hypho2016_00000968	gi|566016881|gb|ETI39792.1|	26.43	454	254	18	159	562	105	528	2e-21	 107
Hypho2016_00000968	gi|566016881|gb|ETI39792.1|	26.96	382	221	14	191	543	80	432	6e-17	94.0
Hypho2016_00000968	gi|566016881|gb|ETI39792.1|	28.62	311	185	14	158	458	244	527	3e-13	82.4
Hypho2016_00000950	gi|555493881|ref|WP_023270386.1|	31.79	151	87	3	68	216	17	153	2e-12	76.6
Hypho2016_00000950	gi|555535176|ref|WP_023274542.1|	32.45	151	86	3	68	216	13	149	6e-12	78.2
Hypho2016_00000950	gi|517507883|ref|WP_018678091.1|	32.45	151	86	3	68	216	18	154	6e-12	77.8
Hypho2016_00000981	gi|50844655|gb|AAT84449.1|	38.29	598	296	13	1	540	21	603	4e-130	 406
Hypho2016_00000981	gi|210648|gb|AAA42730.1|	38.29	598	296	13	1	540	21	603	4e-130	 406
Hypho2016_00000981	gi|50844649|gb|AAT84446.1|	38.29	598	296	13	1	540	21	603	4e-130	 406
Hypho2016_00000977	gi|574482994|gb|ETW09985.1|	40.12	491	256	15	20	490	25	497	4e-96	 311
Hypho2016_00000977	gi|574482996|gb|ETW09987.1|	39.92	491	257	15	20	490	24	496	8e-95	 308
Hypho2016_00000977	gi|574097547|gb|ETV63627.1|	39.23	492	258	14	20	488	23	496	5e-92	 300
