Hypho2016_00001036	241	MFS_1~FAM70	122	222	..	180	223	..
Hypho2016_00000919	148	
Hypho2016_00000893	1273	
Hypho2016_00000907	478	Peroxin-3~Peroxin-3	241	361	..	411	454	..
Hypho2016_00000905	292	Thymidylat_synt	7	292	.]
Hypho2016_00000912	1603	RNA_pol_Rpb2_1~RNA_pol_Rpb2_3~RNA_pol_Rpb2_4~RNA_pol_Rpb2_5~RNA_pol_Rpb2_6~RNA_pol_Rpb2_6~RNA_pol_Rpb2_7~Zn_Tnp_IS1595	89	487	..	555	623	..	661	723	..	762	808	..	821	1032	..	1352	1495	..	1498	1587	..	1534	1557	..
Hypho2016_00000915	158	
Hypho2016_00000906	1316	
Hypho2016_00000937	1083	PriCT_2~D5_N	382	461	..	535	678	..
Hypho2016_00000927	1035	HisKA~HATPase_c~Response_reg~Response_reg	528	592	..	642	755	..	782	811	..	911	1025	..
Hypho2016_00000916	726	YqaJ	306	413	..
Hypho2016_00000928	529	Pkip-1	68	133	..
Hypho2016_00000920	442	
Hypho2016_00000896	386	Ribonuc_red_sm	73	337	..
Hypho2016_00000894	309	zf-H2C2_5~zf-C2H2~T5orf172~DUF3137	4	26	..	52	71	..	128	207	..	151	219	..
Hypho2016_00000918	306	BH4	134	142	..
Hypho2016_00000898	281	
Hypho2016_00000903	245	MCM~NDUF_B12	95	131	..	177	221	..
Hypho2016_00000891	221	Ank_2~FaeA	60	128	..	122	147	..
Hypho2016_00000930	190	
Hypho2016_00000910	124	ASCH	9	111	..
Hypho2016_00000895	116	
Hypho2016_00000900	113	DASH_Dad4~Val_tRNA-synt_C	80	109	..	86	112	..
Hypho2016_00000909	96	
Hypho2016_00000931	86	PRP1_N	13	82	..
Hypho2016_00000934	81	
Hypho2016_00000936	61	
Hypho2016_00000933	539	OAS1_C	159	305	..
Hypho2016_00000908	366	Chromo	174	205	..
Hypho2016_00000913	398	Pyr_redox_2~NAD_binding_9	15	325	..	206	263	..
Hypho2016_00000917	389	FUSC~BTB_2~BTB	42	222	..	270	352	..	310	358	..
Hypho2016_00000897	574	DZR~TFIIB~HTH_36~PKcGMP_CC	89	117	..	188	246	..	314	359	..	418	434	..
Hypho2016_00000938	870	Helicase_C~Rif1_N	303	367	..	564	637	..
Hypho2016_00000932	839	ATP-cone~Ribonuc_red_lgN~Ribonuc_red_lgC	11	95	..	149	230	..	235	791	..
Hypho2016_00000939	764	Hid1	158	259	..
Hypho2016_00000899	604	YyzF~zf-UBR	480	520	..	565	596	..
Hypho2016_00000911	484	AntA~CorA~THOC7	201	264	..	277	368	..	393	440	..
Hypho2016_00000892	476	DUF3763~DUF3763	150	164	..	432	448	..
Hypho2016_00000904	459	
Hypho2016_00000929	402	FtsJ~Methyltrans_Mon	76	283	..	226	284	..
Hypho2016_00000924	388	TROVE	125	158	..
Hypho2016_00000902	381	PMC2NT~DUF3627~SBDS_C	143	228	..	251	315	..	317	374	..
Hypho2016_00000922	215	
Hypho2016_00000935	203	SDA1~Herpes_LMP1	7	77	..	45	104	..
Hypho2016_00000923	200	ApoLp-III~Cytochrom_B562~SOAR	2	95	..	127	189	..	128	184	..
Hypho2016_00000921	182	UQ_con~BpuSI_N	13	125	..	65	101	..
Hypho2016_00000914	179	
Hypho2016_00000901	148	
Hypho2016_00000925	93	DUF972~Striatin	21	63	..	33	69	..
Hypho2016_00000926	93	
Hypho2016_00001032	39	
Hypho2016_00000941	228	RseC_MucC	14	59	..
Hypho2016_00001028	303	UBZ_FAAP20~YokU	85	106	..	178	207	..
Hypho2016_00000984	248	TFIID-18kDa~DUF2962	152	229	..	173	240	..
Hypho2016_00001000	477	
Hypho2016_00000970	667	Sigma70_ner~DUF1484	18	86	..	21	82	..
Hypho2016_00000948	386	U-box	16	44	..
Hypho2016_00001002	473	
Hypho2016_00000987	430	
Hypho2016_00001015	498	Mannitol_dh~Mannitol_dh_C	25	182	..	212	425	..
Hypho2016_00001029	491	
Hypho2016_00000952	764	DUF1048~Serglycin~Ank_2~Ank_2	58	135	..	391	410	..	601	690	..	601	690	..
Hypho2016_00000953	707	
Hypho2016_00000946	675	PGAP1	21	79	..
Hypho2016_00000968	648	Ank_2~Ank_4~Ank_2~Ank_5	220	294	..	348	391	..	406	491	..	473	490	..
Hypho2016_00001006	646	PAN_1~PAN_1~PAN_2	147	211	..	252	299	..	254	285	..
Hypho2016_00000950	623	PIF1~Herpes_Helicase	66	277	..	522	568	..
Hypho2016_00000981	565	Capsid_N~Capsid_NCLDV	115	355	..	360	524	..
Hypho2016_00000977	499	DUF2828~DUF2828	19	97	..	127	458	..
Hypho2016_00001009	480	Methyltransf_26~SIR4_SID~DUF3801	203	290	..	385	466	..	386	460	..
Hypho2016_00000998	439	ParcG~DUF3446~DUF3446	44	102	..	219	254	..	414	437	..
Hypho2016_00000992	403	MtrF~MtrF~Ank_2~Ank_4	126	136	..	141	168	..	199	304	..	289	302	..
Hypho2016_00000994	372	Inhibitor_I9~Peptidase_S8	39	79	..	105	341	..
Hypho2016_00001030	338	DUF4054	258	309	..
Hypho2016_00001004	319	GDP_Man_Dehyd~Polysacc_synt_2	5	308	..	154	262	..
Hypho2016_00000996	316	
Hypho2016_00000958	311	DUF4379~DUF4905~RE_AccI	26	51	..	73	131	..	142	221	..
Hypho2016_00001013	309	ArgK~Frag1~DUF202	55	163	..	205	269	..	220	265	..
Hypho2016_00001017	297	PAN_1~PAN_4	223	274	..	242	267	..
Hypho2016_00001027	292	TusA~Phage_Mu_Gam~Prefoldin	19	69	..	191	245	..	235	264	..
Hypho2016_00001003	280	
Hypho2016_00000972	280	
Hypho2016_00000988	276	Ank_2~Ank_3	51	188	..	169	187	..
Hypho2016_00000964	267	
Hypho2016_00000974	247	DNA_pol_A_exo1	11	207	..
Hypho2016_00001021	226	
Hypho2016_00000961	212	Ank_4~Ank_5	145	188	..	164	188	..
Hypho2016_00000995	195	
Hypho2016_00001025	183	Pentapeptide_4~Pentapeptide_4	37	73	..	61	95	..
Hypho2016_00000954	179	Ank_2~Ank_4	46	99	..	70	98	..
Hypho2016_00000979	144	Histone~PAF	1	72	[.	1	58	[.
Hypho2016_00000975	135	
Hypho2016_00000990	133	zf-Mss51~Ecl1	11	56	..	26	45	..
Hypho2016_00001012	132	Claudin_2~OAD_gamma	25	99	..	27	60	..
Hypho2016_00001005	131	Acid_PPase	8	87	..
Hypho2016_00001035	116	Dynamitin	3	97	..
Hypho2016_00000944	111	zinc-ribbons_6~DZR	3	43	..	4	43	..
Hypho2016_00000986	105	CCAP	41	75	..
Hypho2016_00001007	103	
Hypho2016_00000956	102	SWIB	30	99	..
Hypho2016_00000955	101	
Hypho2016_00001024	98	
Hypho2016_00000967	67	
Hypho2016_00000947	434	Ank_2	176	253	..
Hypho2016_00001019	597	Ank_2~Ank_2~Ank_4	103	207	..	284	369	..	353	395	..
Hypho2016_00001018	832	ubiquitin~Ubiquitin_2~zf-ANAPC11~zf-H2C2_2	210	231	..	405	441	..	664	704	..	692	704	..
Hypho2016_00001033	360	BRI3BP~Sperm_Ag_HE2	36	92	..	225	270	..
Hypho2016_00001023	372	Ank_2~Ank_4	195	257	..	236	267	..
Hypho2016_00000983	622	Ank_5~Ank_2~DUF4459~Ank_2~Ank_4	40	79	..	85	169	..	170	211	..	376	467	..	396	421	..
Hypho2016_00000993	642	HTH_29	59	99	..
Hypho2016_00001010	101	
Hypho2016_00000942	497	GLTP~ArsC	167	231	..	243	304	..
Hypho2016_00000963	585	zf-C2H2_4~zf-C2H2_jaz~zf-C2HC_2~zf-C2H2_4~zf-C2H2_jaz~zf-C2H2_4~zf-C2HC_2~zf-C2H2_jaz	94	115	..	121	139	..	179	202	..	254	273	..	330	343	..	362	384	..	406	428	..	476	494	..
Hypho2016_00000945	1032	CEP63~Peptidase_C48~A2L_zn_ribbon~Pox_VLTF3	330	406	..	542	644	..	788	817	..	837	1013	..
Hypho2016_00001031	2549	Inhibitor_I9~Peptidase_S8~Filament~IncA~PKcGMP_CC~Filament~Reo_sigmaC~Reo_sigmaC~Reo_sigmaC	543	600	..	625	866	..	1380	1645	..	1715	1849	..	1893	1920	..	1920	2041	..	2047	2176	..	2177	2271	..	2276	2373	..
Hypho2016_00001016	1970	RicinB_lectin_2~Ricin_B_lectin~Ricin_B_lectin~Ricin_B_lectin~Ricin_B_lectin~Ricin_B_lectin~Ricin_B_lectin~B_lectin~Mucin	217	289	..	290	420	..	520	587	..	687	803	..	1010	1132	..	1141	1248	..	1269	1343	..	1656	1726	..	1854	1941	..
Hypho2016_00000957	1341	RseC_MucC~Pkinase~DEP~Glyco_hydro_47~SpvD~Exo_endo_phos~VP4_haemagglut	146	193	..	312	526	..	545	587	..	605	657	..	802	859	..	1058	1332	..	1130	1180	..
Hypho2016_00001022	959	zinc_ribbon_2~IncA~Ank_2~Ank_2~Ank_2~zf-rbx1~zf-C3H2C3	3	20	..	267	405	..	499	592	..	676	774	..	814	895	..	910	954	..	928	953	..
Hypho2016_00001008	806	Ank_2~Ank_2~Tyr-DNA_phospho	11	95	..	96	118	..	241	709	..
Hypho2016_00000951	729	ABC_tran~Pox_A32	26	229	..	220	274	..
Hypho2016_00000973	724	zf-RING_6~Ferric_reduct~FAD_binding_8~NAD_binding_6~NAD_binding_1	58	92	..	325	401	..	450	516	..	535	655	..	540	573	..
Hypho2016_00001026	705	FAM76~Bromodomain~V-SNARE~FlaC_arch	32	107	..	127	162	..	188	225	..	587	613	..
Hypho2016_00000982	473	DUF4379~DUF4379~Ribosomal_L33~Elf1~Elf1	33	67	..	82	133	..	311	325	..	364	397	..	426	455	..
Hypho2016_00000997	447	Ank_2~Ank_5	262	342	..	293	321	..
Hypho2016_00000949	415	Swi5~MSV199~ATG16~DUF3627~Ubiquitin_3~KxDL	59	69	..	100	140	..	148	229	..	245	326	..	354	384	..	386	407	..
Hypho2016_00000960	409	MMtag	373	404	..
Hypho2016_00000980	380	NUMOD4~HNH_3~DUF1542~NUMOD4~2OG-FeII_Oxy_5~2OG-FeII_Oxy_5	12	56	..	78	120	..	143	165	..	210	245	..	292	344	..	292	344	..
Hypho2016_00000999	370	U-box	7	47	..
Hypho2016_00001001	362	TFIIE_alpha~Methyltransf_23~Methyltransf_2	30	82	..	163	321	..	238	282	..
Hypho2016_00000978	309	
Hypho2016_00001011	283	Zn-ribbon_8~Zn-ribbon_8~ATP-synt~ATP-synt	3	30	..	52	84	..	104	228	..	104	228	..
Hypho2016_00000962	264	zf-C2H2~PTE~PP2C_C	10	29	..	42	147	..	208	235	..
Hypho2016_00000971	206	NUDIX	72	170	..
Hypho2016_00000940	205	
Hypho2016_00000966	180	
Hypho2016_00000985	173	DSPc~Y_phosphatase	44	139	..	66	122	..
Hypho2016_00000976	167	
Hypho2016_00001014	156	Ran-binding	53	94	..
Hypho2016_00001020	134	Dopey_N	51	108	..
Hypho2016_00000969	119	Zn_Tnp_IS91~UPF0515	21	74	..	35	86	..
Hypho2016_00000965	107	
Hypho2016_00000989	101	PRANC~DUF3420	66	99	..	81	96	..
Hypho2016_00000943	90	
Hypho2016_00001034	83	
Hypho2016_00000959	63	DUF2802	16	43	..
Hypho2016_00000991	59	
