Original	Updated
Dynein 18 kDa light chain, flagellar outer arm	Dynein light chain, flagellar outer arm
Thioredoxin domain-containing protein 9 homolog	Thioredoxin domain-containing protein 9
Protein unc-119 homolog A	Protein unc-119 A
Heat shock 70 kDa protein 14	Heat shock protein 14
Elongation factor 1-alpha (Fragment)	Elongation factor 1-alpha
66 kDa stress protein	stress protein
U11/U12 small nuclear ribonucleoprotein 25 kDa protein	U11/U12 small nuclear ribonucleoprotein protein
DnaJ homolog subfamily C member 7 homolog	DnaJ subfamily C member 7
CD2 antigen cytoplasmic tail-binding protein 2 homolog	CD2 antigen cytoplasmic tail-binding protein 2
DPH4 homolog	DPH4
UV excision repair protein RAD23 homolog B	UV excision repair protein RAD23 B
Vacuolar protein sorting-associated protein 11 homolog	Vacuolar protein sorting-associated protein 11
Metal transporter nramp1 homolog	Metal transporter nramp1
Respiratory burst oxidase homolog protein D	Respiratory burst oxidase D
Serine/threonine-protein phosphatase 2A 56 kDa regulatory subunit epsilon isoform (Fragment)	Serine/threonine-protein phosphatase 2A regulatory subunit epsilon isoform
Protein timeless homolog	Protein timeless
Ecotropic viral integration site 5 protein homolog	Ecotropic viral integration site 5
CDGSH iron-sulfur domain-containing protein 2 homolog A	CDGSH iron-sulfur domain-containing protein 2 A
10 kDa chaperonin	chaperonin
U11/U12 small nuclear ribonucleoprotein 25 kDa protein	U11/U12 small nuclear ribonucleoprotein protein
Replication protein A 32 kDa subunit A	Replication protein A subunit A
Radial spoke head protein 3 homolog	Radial spoke head protein 3
GTP-binding protein TypA/BipA homolog	GTP-binding protein TypA/BipA
Decapping nuclease DXO homolog, chloroplastic	Decapping nuclease DXO , chloroplastic
Uncharacterized protein C6orf106 homolog	Uncharacterized protein C6orf106
DNA repair protein RAD51 homolog 2	DNA repair protein RAD51 2
Carbon catabolite repressor protein 4 homolog 1	Carbon catabolite repressor protein 4 1
Radial spoke head 10 homolog B	Radial spoke head 10 B
70 kDa peptidyl-prolyl isomerase	peptidyl-prolyl isomerase
DnaJ homolog subfamily B member 4	DnaJ subfamily B member 4
Ribosome biogenesis regulatory protein homolog	Ribosome biogenesis regulatory
Mitogen-activated protein kinase homolog 1	Mitogen-activated protein kinase 1
Protein unc-45 homolog A	Protein unc-45 A
Intraflagellar transport protein 46 homolog	Intraflagellar transport protein 46
Uncharacterized protein KIAA0556 homolog	Uncharacterized protein KIAA0556
Protein phosphatase PTC7 homolog fig	Protein phosphatase PTC7 fig
Protein ecdysoneless homolog	Protein ecdysoneless
Kinesin-II 95 kDa subunit	Kinesin-II subunit
Serine/threonine protein phosphatase 2A 59 kDa regulatory subunit B' eta isoform	Serine/threonine protein phosphatase 2A regulatory subunit B' eta isoform
28 kDa heat- and acid-stable phosphoprotein	heat- and acid-stable phosphoprotein
P-loop NTPase domain-containing protein LPA1 homolog 2	P-loop NTPase domain-containing protein LPA1 2
WD repeat-containing protein 89 homolog	WD repeat-containing protein 89
Translationally-controlled tumor protein homolog	Translationally-controlled tumor
U3 small nucleolar RNA-associated protein 6 homolog	U3 small nucleolar RNA-associated protein 6
26S proteasome non-ATPase regulatory subunit 8 homolog A	26S proteasome non-ATPase regulatory subunit 8 A
Mitochondrial inner membrane protease ATP23 homolog	Mitochondrial inner membrane protease ATP23
Parkin coregulated gene protein homolog	Parkin coregulated gene
Lon protease homolog 2, peroxisomal	Lon protease 2, peroxisomal
Intraflagellar transport protein 122 homolog	Intraflagellar transport protein 122
DnaJ homolog subfamily C member 13	DnaJ subfamily C member 13
Protein CWC15 homolog	Protein CWC15
Bloom syndrome protein homolog	Bloom syndrome
Potassium voltage-gated channel subfamily H member 2 (Fragment)	Potassium voltage-gated channel subfamily H member 2
Protein angel homolog 2	Protein angel 2
Digestive organ expansion factor homolog	Digestive organ expansion factor
Peptide methionine sulfoxide reductase (Fragment)	Peptide methionine sulfoxide reductase
Replication protein A 70 kDa DNA-binding subunit A	Replication protein A DNA-binding subunit A
Bicyclomycin resistance protein homolog	Bicyclomycin resistance
THO complex subunit 6 homolog	THO complex subunit 6
Ectopic P granules protein 5 homolog	Ectopic P granules protein 5
RAC family serine/threonine-protein kinase homolog	RAC family serine/threonine-protein kinase
Proteasome subunit alpha type-3 (Fragment)	Proteasome subunit alpha type-3
tRNA (guanine(10)-N2)-methyltransferase homolog	tRNA (guanine(10)-N2)-methyltransferase
GTP-binding protein Rheb homolog	GTP-binding protein Rheb
Crt homolog 2	Crt 2
Elongation factor 1-alpha (Fragment)	Elongation factor 1-alpha
Transcription initiation protein SPT3 homolog	Transcription initiation protein SPT3
Histidine protein methyltransferase 1 homolog	Histidine protein methyltransferase 1
Radial spoke head 10 homolog B	Radial spoke head 10 B
Protein KRI1 homolog	Protein KRI1
Intraflagellar transport protein 122 homolog	Intraflagellar transport protein 122
Protein prune homolog	Protein prune
Transmembrane protein 144 homolog B	Transmembrane protein 144 B
Lissencephaly-1 homolog	Lissencephaly-1
Peroxisomal membrane protein 11 homolog	Peroxisomal membrane protein 11
SWI/SNF complex component SNF12 homolog	SWI/SNF complex component SNF12
Protein NRDE2 homolog	Protein NRDE2
Ribosomal RNA processing protein 1 homolog B	Ribosomal RNA processing protein 1 B
Alpha-latrotoxin-Lh1a (Fragment)	Alpha-latrotoxin-Lh1a
Katanin p80 WD40 repeat-containing subunit B1 homolog	Katanin p80 WD40 repeat-containing subunit B1
Nucleolar complex protein 4 homolog	Nucleolar complex protein 4
Heat shock 70 kDa protein 17	Heat shock protein 17
Glucose-induced degradation protein 8 homolog	Glucose-induced degradation protein 8
DnaJ homolog subfamily C member 7	DnaJ subfamily C member 7
Zinc finger protein 593 homolog	Zinc finger protein 593
Meiotic nuclear division protein 1 homolog	Meiotic nuclear division protein 1
WASH complex subunit strumpellin homolog	WASH complex subunit strumpellin
Nuclear protein localization protein 4 homolog	Nuclear protein localization protein 4
Endoribonuclease Dicer homolog 1	Endoribonuclease Dicer 1
Transmembrane anterior posterior transformation protein 1 homolog	Transmembrane anterior posterior transformation protein 1
Serine/threonine-protein phosphatase 2A 65 kDa regulatory subunit A alpha isoform	Serine/threonine-protein phosphatase 2A regulatory subunit A alpha isoform
26S proteasome regulatory subunit 4 homolog B	26S proteasome regulatory subunit 4 B
Intraflagellar transport protein 22 homolog	Intraflagellar transport protein 22
THO complex subunit 7 homolog	THO complex subunit 7
Intraflagellar transport protein 81 homolog	Intraflagellar transport protein 81
U11/U12 small nuclear ribonucleoprotein 35 kDa protein	U11/U12 small nuclear ribonucleoprotein protein
Cell division cycle protein 48 homolog AF_1297	Cell division cycle protein 48 AF_1297
U3 small nucleolar RNA-associated protein 18 homolog	U3 small nucleolar RNA-associated protein 18
Uncharacterized protein C3orf26 homolog	Uncharacterized protein C3orf26
RUS1 family protein homolog	RUS1 family
Protein NBR1 homolog	Protein NBR1
Protein SYS1 homolog	Protein SYS1
Retinoblastoma-binding protein homolog 5	Retinoblastoma-binding 5
TRPM8 channel-associated factor homolog	TRPM8 channel-associated factor
ATPase ASNA1 homolog	ATPase ASNA1
WD repeat-containing protein 24 homolog	WD repeat-containing protein 24
Apoptosis-inducing factor homolog B	Apoptosis-inducing factor B
RAC family serine/threonine-protein kinase homolog	RAC family serine/threonine-protein kinase
Intraflagellar transport protein 52 homolog	Intraflagellar transport protein 52
DnaJ homolog subfamily B member 6-B	DnaJ subfamily B member 6-B
Eyes absent homolog 3	Eyes absent 3
Werner syndrome ATP-dependent helicase homolog	Werner syndrome ATP-dependent helicase
Protein YIPF5 homolog	Protein YIPF5
U1 small nuclear ribonucleoprotein 70 kDa	U1 small nuclear ribonucleoprotein
40S ribosomal protein S5 (Fragment)	40S ribosomal protein S5
Cell division control protein 45 homolog	Cell division control protein 45
Bardet-Biedl syndrome 7 protein homolog	Bardet-Biedl syndrome 7
Cell division control protein 6 homolog	Cell division control protein 6
Protein AAR2 homolog	Protein AAR2
WAS protein family homolog DDB_G0292878	WAS protein family DDB_G0292878
Enhancer of rudimentary homolog	Enhancer of rudimentary
Leucine-rich repeat protein soc-2 homolog	Leucine-rich repeat protein soc-2
Pre-rRNA-processing protein TSR1 homolog	Pre-rRNA-processing protein TSR1
Exosome complex exonuclease RRP44 homolog A	Exosome complex exonuclease RRP44 A
Frataxin homolog, mitochondrial	Frataxin , mitochondrial
Fanconi-associated nuclease 1 homolog	Fanconi-associated nuclease 1
Protein STIP1 homolog	Protein STIP1
Cell division cycle protein 20 homolog	Cell division cycle protein 20
Kinesin-like calmodulin-binding protein homolog	Kinesin-like calmodulin-binding
Radial spoke head protein 9 homolog	Radial spoke head protein 9
Protein CLP1 homolog	Protein CLP1
Vacuolar protein sorting-associated protein 18 homolog	Vacuolar protein sorting-associated protein 18
Splicing factor U2AF 65 kDa subunit	Splicing factor U2AF subunit
DnaJ homolog subfamily C member 13	DnaJ subfamily C member 13
GTP-binding protein Rheb homolog	GTP-binding protein Rheb
Cytoplasmic 60S subunit biogenesis factor REI1 homolog 1	Cytoplasmic 60S subunit biogenesis factor REI1 1
Putative DNA-directed RNA polymerase subunit 5 homolog	Putative DNA-directed RNA polymerase subunit 5
DNA repair protein RAD51 homolog A	DNA repair protein RAD51 A
Transport and Golgi organization protein 6 homolog	Transport and Golgi organization protein 6
Protein SEC13 homolog	Protein SEC13
Protein unc-45 homolog A	Protein unc-45 A
Pol polyprotein (Fragment)	Pol polyprotein
DnaJ homolog subfamily C member 7	DnaJ subfamily C member 7
Protein SHQ1 homolog	Protein SHQ1
Growth arrest-specific protein 8 homolog	Growth arrest-specific protein 8
Telomere length regulation protein TEL2 homolog	Telomere length regulation protein TEL2
TNF receptor-associated protein 1 homolog, mitochondrial	TNF receptor-associated protein 1 , mitochondrial
Protein Hook homolog 3	Protein Hook 3
Fanconi-associated nuclease 1 homolog	Fanconi-associated nuclease 1
Intraflagellar transport protein 122 homolog	Intraflagellar transport protein 122
Metal transporter nramp1 homolog	Metal transporter nramp1
Endoplasmin homolog	Endoplasmin
Protein YIPF1 homolog	Protein YIPF1
Pseudouridylate synthase 7 homolog	Pseudouridylate synthase 7
Parkin coregulated gene protein homolog	Parkin coregulated gene
Double-strand-break repair protein rad21 homolog	Double-strand-break repair protein rad21
DDB1- and CUL4-associated factor 7 homolog	DDB1- and CUL4-associated factor 7
Protein IN2-1 homolog A	Protein IN2-1 A
Splicing factor U2AF 50 kDa subunit	Splicing factor U2AF subunit
26S proteasome non-ATPase regulatory subunit 1 homolog A	26S proteasome non-ATPase regulatory subunit 1 A
Serine/threonine-protein phosphatase 2A 56 kDa regulatory subunit delta isoform	Serine/threonine-protein phosphatase 2A regulatory subunit delta isoform
Eyes absent homolog 3	Eyes absent 3
Large subunit GTPase 1 homolog	Large subunit GTPase 1
Parkin coregulated gene protein homolog	Parkin coregulated gene
Spindle assembly abnormal protein 6 homolog	Spindle assembly abnormal protein 6
Telomeric repeat-binding factor 1 (Fragment)	Telomeric repeat-binding factor 1
Notchless protein homolog 1	Notchless 1
Protein arv1 homolog	Protein arv1
Protein CTR9 homolog	Protein CTR9
C-Myc-binding protein homolog	C-Myc-binding
Protein mago nashi homolog	Protein mago nashi
Retrotransposable element SLACS 132 kDa protein	Retrotransposable element SLACS protein
Intraflagellar transport protein 20 homolog	Intraflagellar transport protein 20
GTP-binding protein TypA/BipA homolog	GTP-binding protein TypA/BipA
Transcription factor IIIB 90 kDa subunit	Transcription factor IIIB subunit
NuA4 complex subunit EAF3 homolog	NuA4 complex subunit EAF3
Carbon catabolite repressor protein 4 homolog 4	Carbon catabolite repressor protein 4 4
RNA polymerase-associated protein CTR9 homolog	RNA polymerase-associated protein CTR9
Sister chromatid cohesion protein PDS5 homolog A	Sister chromatid cohesion protein PDS5 A
Notchless protein homolog 1	Notchless 1
Pescadillo homolog	Pescadillo
Nuclear export mediator factor NEMF homolog	Nuclear export mediator factor NEMF
Wilms tumor protein homolog B	Wilms tumor B
Transcription factor IIIB 50 kDa subunit	Transcription factor IIIB subunit
Solute carrier family 25 member 38 homolog	Solute carrier family 25 member 38
Titin homolog	Titin
Dyslexia susceptibility 1 candidate gene 1 protein homolog	Dyslexia susceptibility 1 candidate gene 1
40 kDa peptidyl-prolyl cis-trans isomerase	peptidyl-prolyl cis-trans isomerase
Staphylococcal nuclease domain-containing protein 1	Nuclease domain-containing protein 1
RNA-binding protein Musashi homolog 1	RNA-binding protein Musashi 1
Ubiquitin fusion degradation protein 1 homolog	Ubiquitin fusion degradation protein 1
Protein cornichon homolog 1	Protein cornichon 1
RAC family serine/threonine-protein kinase homolog	RAC family serine/threonine-protein kinase
Uncharacterized protein MG039 homolog	Uncharacterized protein MG039
Signal recognition particle 19 kDa protein	Signal recognition particle protein
Leukotriene A-4 hydrolase homolog	Leukotriene A-4 hydrolase
Retinitis pigmentosa 9 protein homolog	Retinitis pigmentosa 9
Carboxypeptidase Y homolog A	Carboxypeptidase Y A
Uncharacterized protein C9orf85 homolog	Uncharacterized protein C9orf85
Hydrocephalus-inducing protein homolog	Hydrocephalus-inducing
UPF0489 protein C5orf22 homolog	UPF0489 protein C5orf22
FKBP-type 22 kDa peptidyl-prolyl cis-trans isomerase	FKBP-type peptidyl-prolyl cis-trans isomerase
Centrosomal protein of 104 kDa	Centrosomal protein
DnaJ homolog subfamily C member 27-B	DnaJ subfamily C member 27-B
Pre-rRNA-processing protein TSR1 homolog	Pre-rRNA-processing protein TSR1
Splicing factor U2AF 50 kDa subunit	Splicing factor U2AF subunit
Protein slowmo homolog	Protein slowmo
Probable sphingolipid transporter spinster homolog 1	Probable sphingolipid transporter spinster 1
Regulator of nonsense transcripts 1 homolog	Regulator of nonsense transcripts 1
Endoribonuclease Dicer homolog 2	Endoribonuclease Dicer 2
HD domain-containing protein 2 homolog	HD domain-containing protein 2
Growth arrest-specific protein 8 homolog	Growth arrest-specific protein 8
Transmembrane protein 260 homolog	Transmembrane protein 260
Oral cancer-overexpressed protein 1 homolog	Oral cancer-overexpressed protein 1
Vacuolar protein sorting-associated protein 8 homolog	Vacuolar protein sorting-associated protein 8
Intraflagellar transport protein 122 homolog	Intraflagellar transport protein 122
Cell division control protein 6 homolog	Cell division control protein 6
Nicotinate-nucleotide pyrophosphorylase [carboxylating] (Fragment)	Nicotinate-nucleotide pyrophosphorylase [carboxylating]
Regulator of nonsense transcripts 1 homolog	Regulator of nonsense transcripts 1
Centrosomal protein of 76 kDa	Centrosomal protein
SOSS complex subunit B homolog	SOSS complex subunit B
Protein SGT1 homolog	Protein SGT1
Cytochrome c1-2, heme protein, mitochondrial (Fragment)	Cytochrome c1-2, heme protein, mitochondrial
60S ribosome subunit biogenesis protein NIP7 homolog	60S ribosome subunit biogenesis protein NIP7
Growth arrest-specific protein 8 homolog	Growth arrest-specific protein 8
UPF0704 protein C6orf165 homolog	UPF0704 protein C6orf165
Protein LTV1 homolog	Protein LTV1
Protein HGH1 homolog	Protein HGH1
Retinitis pigmentosa 9 protein homolog	Retinitis pigmentosa 9
Protein diaphanous homolog 3	Protein diaphanous 3
Tubby protein homolog	Tubby
Lateral signaling target protein 2 homolog	Lateral signaling target protein 2
Krueppel homolog 1	Krueppel 1
U4/U6.U5 small nuclear ribonucleoprotein 27 kDa protein	U4/U6.U5 small nuclear ribonucleoprotein protein
Heat shock 70 kDa protein	Heat shock protein
Ubiquitin fusion degradation protein 1 homolog	Ubiquitin fusion degradation protein 1
Intraflagellar transport protein 80 homolog	Intraflagellar transport protein 80
Wilms tumor protein homolog B	Wilms tumor B
Protein LSM12 homolog A	Protein LSM12 A
Meckel syndrome type 1 protein homolog	Meckel syndrome type 1
2-hydroxyacid dehydrogenase homolog	2-hydroxyacid dehydrogenase
Apoptosis-inducing factor homolog B	Apoptosis-inducing factor B
Coenzyme Q-binding protein COQ10 homolog, mitochondrial	Coenzyme Q-binding protein COQ10 , mitochondrial
Vacuolar protein sorting-associated protein 18 homolog	Vacuolar protein sorting-associated protein 18
Radial spoke head 1 homolog	Radial spoke head 1
Protein EI24 homolog	Protein EI24
Ribosome biogenesis protein BMS1 homolog	Ribosome biogenesis protein BMS1
15 kDa selenoprotein	selenoprotein
tRNA (uracil-5-)-methyltransferase homolog A	tRNA (uracil-5-)-methyltransferase A
G patch domain and ankyrin repeat-containing protein 1 homolog	G patch domain and ankyrin repeat-containing protein 1
Tetratricopeptide repeat protein 4 homolog	Tetratricopeptide repeat protein 4
Nuclear autoantigenic sperm protein (Fragment)	Nuclear autoantigenic sperm protein
77 kDa echinoderm microtubule-associated protein (Fragment)	echinoderm microtubule-associated protein
Putative respiratory burst oxidase homolog protein G	Putative respiratory burst oxidase G
Protein VAC14 homolog	Protein VAC14
V-type proton ATPase 16 kDa proteolipid subunit	V-type proton ATPase proteolipid subunit
Tubby protein homolog	Tubby
DnaJ homolog subfamily A member 1 homolog	DnaJ subfamily A member 1
Pre-mRNA-splicing factor CWC22 homolog	Pre-mRNA-splicing factor CWC22
Putative neurobeachin homolog	Putative neurobeachin
tRNA-splicing ligase RtcB homolog	tRNA-splicing ligase RtcB
Enhancer of polycomb homolog 1	Enhancer of polycomb 1
ATP-dependent DNA helicase MER3 homolog	ATP-dependent DNA helicase MER3
Digestive organ expansion factor homolog	Digestive organ expansion factor
Cell division cycle protein 27 homolog	Cell division cycle protein 27
Notchless protein homolog 1	Notchless 1
Coiled-coil domain-containing protein 42 homolog	Coiled-coil domain-containing protein 42
U5 small nuclear ribonucleoprotein 40 kDa protein	U5 small nuclear ribonucleoprotein protein
MMS19 nucleotide excision repair protein homolog	MMS19 nucleotide excision repair
Protein transport protein SEC16A homolog	Protein transport protein SEC16A
26S proteasome non-ATPase regulatory subunit 7 homolog A	26S proteasome non-ATPase regulatory subunit 7 A
Protein downstream neighbor of son homolog	Protein downstream neighbor of son
Cell division cycle protein 123 homolog	Cell division cycle protein 123
UPF0565 protein C2orf69 homolog	UPF0565 protein C2orf69
Multiple myeloma tumor-associated protein 2 homolog	Multiple myeloma tumor-associated protein 2
Ecotropic viral integration site 5 protein homolog	Ecotropic viral integration site 5
Protein LSM14 homolog B	Protein LSM14 B
Ubiquitin fusion degradation protein 1 homolog	Ubiquitin fusion degradation protein 1
WD repeat-containing protein 91 homolog	WD repeat-containing protein 91
Protein RRP5 homolog	Protein RRP5
26S proteasome non-ATPase regulatory subunit 2 homolog B	26S proteasome non-ATPase regulatory subunit 2 B
Periodic tryptophan protein 2 homolog	Periodic tryptophan protein 2
DnaJ homolog subfamily C member 13	DnaJ subfamily C member 13
Serine/threonine-protein phosphatase 2A 65 kDa regulatory subunit A beta isoform	Serine/threonine-protein phosphatase 2A regulatory subunit A beta isoform
33 kDa inner dynein arm light chain, axonemal	inner dynein arm light chain, axonemal
Protein phosphatase PTC7 homolog	Protein phosphatase PTC7
Dynein 14 kDa light chain, flagellar outer arm	Dynein light chain, flagellar outer arm
MutS protein homolog 5	MutS 5
Targeting protein for Xklp2 homolog	Targeting protein for Xklp2
rRNA-processing protein FCF1 homolog	rRNA-processing protein FCF1
DnaJ homolog subfamily B member 13	DnaJ subfamily B member 13
Probable rRNA-processing protein EBP2 homolog	Probable rRNA-processing protein EBP2
Protein strawberry notch homolog 1	Protein strawberry notch 1
26S proteasome non-ATPase regulatory subunit 13 homolog B	26S proteasome non-ATPase regulatory subunit 13 B
Sugar fermentation stimulation protein homolog	Sugar fermentation stimulation
Protein unc-50 homolog	Protein unc-50
Staphylococcal nuclease domain-containing protein 1	Nuclease domain-containing protein 1
Protein sel-1 homolog 1	Protein sel-1 1
Protein RFT1 homolog	Protein RFT1
Probable peptide chain release factor C12orf65 homolog, mitochondrial	Probable peptide chain release factor C12orf65 , mitochondrial
UDP-N-acetylglucosamine transferase subunit ALG13 homolog	UDP-N-acetylglucosamine transferase subunit ALG13
ER membrane protein complex subunit 8/9 homolog	ER membrane protein complex subunit 8/9
Intraflagellar transport protein 80 homolog	Intraflagellar transport protein 80
Protein FRA10AC1 homolog	Protein FRA10AC1
Mesencephalic astrocyte-derived neurotrophic factor homolog	Mesencephalic astrocyte-derived neurotrophic factor
Tctex1 domain-containing protein 1-B (Fragment)	Tctex1 domain-containing protein 1-B
Lysine-specific histone demethylase 1 homolog 1	Lysine-specific histone demethylase 1 1
Heat shock protein 83 (Fragment)	Heat shock protein 83
DNA repair protein XRCC3 homolog	DNA repair protein XRCC3
DNA repair protein RAD51 homolog 4	DNA repair protein RAD51 4
ATP-dependent DNA helicase tlh1 (Fragment)	ATP-dependent DNA helicase tlh1
DDB1- and CUL4-associated factor homolog 1	DDB1- and CUL4-associated factor 1
Guanine nucleotide-binding protein subunit beta-like protein 1 homolog	Guanine nucleotide-binding protein subunit beta-like protein 1
Methylmalonic aciduria and homocystinuria type D homolog, mitochondrial	Methylmalonic aciduria and homocystinuria type D , mitochondrial
Protein dpy-30 homolog	Protein dpy-30
DnaJ homolog subfamily B member 4	DnaJ subfamily B member 4
Protein MCM10 homolog	Protein MCM10
Parkin coregulated gene protein homolog	Parkin coregulated gene
GPI transamidase component GAB1 homolog	GPI transamidase component GAB1
RNA polymerase-associated protein RTF1 homolog	RNA polymerase-associated protein RTF1
Protein MAK16 homolog A	Protein MAK16 A
Serine/threonine-protein phosphatase 2A 65 kDa regulatory subunit A beta isoform	Serine/threonine-protein phosphatase 2A regulatory subunit A beta isoform
SWI/SNF complex component SNF12 homolog	SWI/SNF complex component SNF12
Nucleoprotein TPR (Fragment)	Nucleoprotein TPR
mRNA turnover protein 4 homolog	mRNA turnover protein 4
26S protease regulatory subunit 6B homolog	26S protease regulatory subunit 6B
Coiled-coil domain-containing protein 94 homolog	Coiled-coil domain-containing protein 94
26S protease regulatory subunit 6A homolog A	26S protease regulatory subunit 6A A
Protein sel-1 homolog 2	Protein sel-1 2
Protein KBP homolog	Protein KBP
BUD13 homolog	BUD13
Nucleolar complex protein 3 homolog	Nucleolar complex protein 3
Ubiquinone biosynthesis protein COQ4 homolog, mitochondrial	Ubiquinone biosynthesis protein COQ4 , mitochondrial
POC1 centriolar protein homolog A	POC1 centriolar A
DnaJ homolog subfamily C member 17	DnaJ subfamily C member 17
Crt homolog 2	Crt 2
Choline transporter-like protein 5-A (Fragment)	Choline transporter-like protein 5-A
Receptor homology region, transmembrane domain- and RING domain-containing protein 6	Receptor y region, transmembrane domain- and RING domain-containing protein 6
Protein odr-4 homolog	Protein odr-4
GTP-binding protein 1 (Fragment)	GTP-binding protein 1
Transmembrane protein 104 homolog	Transmembrane protein 104
Protein MOTHER of FT and TFL1 homolog 2	Protein MOTHER of FT and TFL1 2
NADH-ubiquinone oxidoreductase 40 kDa subunit, mitochondrial	NADH-ubiquinone oxidoreductase subunit, mitochondrial
Intraflagellar transport protein 140 homolog	Intraflagellar transport protein 140
Pleckstrin homology domain-containing protein 1	Pleckstrin y domain-containing protein 1
Quinone oxidoreductase-like protein 2 homolog	Quinone oxidoreductase-like protein 2
Metal transporter nramp1 homolog	Metal transporter nramp1
14 kDa zinc-binding protein	zinc-binding protein
Centrosomal protein of 131 kDa	Centrosomal protein
THO complex subunit 5 homolog	THO complex subunit 5
Bardet-Biedl syndrome 5 protein homolog	Bardet-Biedl syndrome 5
UPF0769 protein C21orf59 homolog	UPF0769 protein C21orf59
ATP-dependent DNA helicase tlh1 (Fragment)	ATP-dependent DNA helicase tlh1
HIV Tat-specific factor 1 homolog	HIV Tat-specific factor 1
Nuclear export mediator factor NEMF homolog	Nuclear export mediator factor NEMF
NuA4 complex subunit EAF3 homolog	NuA4 complex subunit EAF3
Protein SDE2 homolog	Protein SDE2
Centrosomal protein of 78 kDa	Centrosomal protein
tRNA (guanine(10)-N2)-methyltransferase homolog	tRNA (guanine(10)-N2)-methyltransferase
Protein tilB homolog	Protein tilB
Growth arrest-specific protein 8 homolog	Growth arrest-specific protein 8
Homologous-pairing protein 2 homolog	Homologous-pairing protein 2
Proteasome-associated protein ECM29 homolog (Fragment)	Proteasome-associated protein ECM29
Lon protease homolog, mitochondrial	Lon protease , mitochondrial
Protein DJ-1 homolog B	Protein DJ-1 B
47 kDa protein	protein
Putative DNA-directed RNA polymerase subunit 3 homolog	Putative DNA-directed RNA polymerase subunit 3
Protein Lines homolog 1	Protein Lines 1
Vacuole membrane protein 1 homolog	Vacuole membrane protein 1
Ubiquitin fusion degradation protein 1 homolog	Ubiquitin fusion degradation protein 1
Clusterin-associated protein 1 homolog	Clusterin-associated protein 1
Protein IN2-1 homolog A	Protein IN2-1 A
Mitogen-activated protein kinase homolog MMK1	Mitogen-activated protein kinase MMK1
Parkin coregulated gene protein homolog	Parkin coregulated gene
Uncharacterized protein C11orf70 homolog	Uncharacterized protein C11orf70
Oral-facial-digital syndrome 1 protein homolog	Oral-facial-digital syndrome 1
Proteasome-associated protein ECM29 homolog (Fragment)	Proteasome-associated protein ECM29
Intraflagellar transport protein 122 homolog	Intraflagellar transport protein 122
Tetratricopeptide repeat protein 27 homolog	Tetratricopeptide repeat protein 27
26S protease regulatory subunit S10B homolog B	26S protease regulatory subunit S10B B
Protein SDA1 homolog	Protein SDA1
Quinone oxidoreductase-like protein 2 homolog	Quinone oxidoreductase-like protein 2
RNA polymerase-associated protein RTF1 homolog	RNA polymerase-associated protein RTF1
Non-structural maintenance of chromosomes element 4 homolog B	Non-structural maintenance of chromosomes element 4 B
Serine/threonine-protein kinase PRP4 homolog	Serine/threonine-protein kinase PRP4
Radial spoke head 10 homolog B	Radial spoke head 10 B
tRNA:m(4)X modification enzyme TRM13 homolog	tRNA:m(4)X modification enzyme TRM13
Alpha-ketoglutarate-dependent dioxygenase alkB homolog 3	Alpha-ketoglutarate-dependent dioxygenase alkB 3
Kinesin-II 85 kDa subunit	Kinesin-II subunit
Mpv17-like protein (Fragment)	Mpv17-like protein
Probable NOT transcription complex subunit VIP2 (Fragment)	Probable NOT transcription complex subunit VIP2
Signal recognition particle 54 kDa protein	Signal recognition particle protein
Putative U5 small nuclear ribonucleoprotein 200 kDa helicase	Putative U5 small nuclear ribonucleoprotein helicase
Ribosome biogenesis protein BRX1 homolog	Ribosome biogenesis protein BRX1
DnaJ homolog subfamily C GRV2	DnaJ subfamily C GRV2
Cell division control protein 2 homolog 3	Cell division control protein 2 3
WASH complex subunit strumpellin homolog	WASH complex subunit strumpellin
Mesencephalic astrocyte-derived neurotrophic factor homolog	Mesencephalic astrocyte-derived neurotrophic factor
DDB1- and CUL4-associated factor 7 homolog	DDB1- and CUL4-associated factor 7
VMS1 homolog C1827.04	VMS1 C1827.04
Fanconi anemia group M protein homolog	Fanconi anemia group M
Anamorsin homolog	Anamorsin
Lissencephaly-1 homolog	Lissencephaly-1
Intraflagellar transport protein 43 homolog	Intraflagellar transport protein 43
Intraflagellar transport protein 27 homolog	Intraflagellar transport protein 27
BET1 homolog	BET1
MOB kinase activator-like 1 homolog A	MOB kinase activator-like 1 A
Chromosome transmission fidelity protein 18 homolog	Chromosome transmission fidelity protein 18
Pachytene checkpoint protein 2 homolog	Pachytene checkpoint protein 2
Protein pelota homolog	Protein pelota
CTD nuclear envelope phosphatase 1 homolog	CTD nuclear envelope phosphatase 1
Radial spoke head protein 4 homolog A	Radial spoke head protein 4 A
rRNA-processing protein UTP23 homolog	rRNA-processing protein UTP23
Protein phosphatase 2C homolog 1	Protein phosphatase 2C 1
Iron-sulfur cluster assembly 2 homolog, mitochondrial	Iron-sulfur cluster assembly 2 , mitochondrial
Bardet-Biedl syndrome 2 protein homolog	Bardet-Biedl syndrome 2
Putative U5 small nuclear ribonucleoprotein 200 kDa helicase	Putative U5 small nuclear ribonucleoprotein helicase
tRNA (guanine(10)-N2)-methyltransferase homolog	tRNA (guanine(10)-N2)-methyltransferase
Protein SCO1 homolog 1, mitochondrial	Protein SCO1 1, mitochondrial
Cell division cycle protein 48 homolog MJ1156	Cell division cycle protein 48 MJ1156
WAS protein family homolog DDB_G0292878	WAS protein family DDB_G0292878
Pumilio homolog 4	Pumilio 4
Protein CDC73 homolog	Protein CDC73
Radial spoke head 10 homolog B	Radial spoke head 10 B
Protein DDI1 homolog 2	Protein DDI1 2
Protein RTF2 homolog	Protein RTF2
Ribosomal RNA-processing protein 7 homolog A	Ribosomal RNA-processing protein 7 A
Apoptosis-inducing factor homolog B	Apoptosis-inducing factor B
Transmembrane protein 260 homolog	Transmembrane protein 260
Putative quinone-oxidoreductase homolog, chloroplastic	Putative quinone-oxidoreductase , chloroplastic
Probable importin-7 homolog	Probable importin-7
Cleft lip and palate transmembrane protein 1 homolog	Cleft lip and palate transmembrane protein 1
Serine/threonine-protein phosphatase 2A 65 kDa regulatory subunit A alpha isoform	Serine/threonine-protein phosphatase 2A regulatory subunit A alpha isoform
HD domain-containing protein 2 homolog	HD domain-containing protein 2
Carboxypeptidase Y homolog A	Carboxypeptidase Y A
Probable cytosolic iron-sulfur protein assembly protein CIAO1 homolog	Probable cytosolic iron-sulfur protein assembly protein CIAO1
Intraflagellar transport protein 46 homolog	Intraflagellar transport protein 46
Abnormal spindle-like microcephaly-associated protein homolog	Abnormal spindle-like microcephaly-associated
Proteasome-associated protein ECM29 homolog	Proteasome-associated protein ECM29
Testis-expressed sequence 10 protein homolog	Testis-expressed sequence 10
Uncharacterized protein C4orf22 homolog	Uncharacterized protein C4orf22
Protein SRC2 homolog	Protein SRC2
DnaJ homolog subfamily C GRV2	DnaJ subfamily C GRV2
Vacuolar protein sorting-associated protein 41 homolog	Vacuolar protein sorting-associated protein 41
26S proteasome non-ATPase regulatory subunit 14 homolog	26S proteasome non-ATPase regulatory subunit 14
CAAX prenyl protease 1 homolog	CAAX prenyl protease 1
DnaJ homolog subfamily C member 2	DnaJ subfamily C member 2
Protein sel-1 homolog 1	Protein sel-1 1
Peptide methionine sulfoxide reductase (Fragment)	Peptide methionine sulfoxide reductase
Exosome complex exonuclease RRP46 homolog	Exosome complex exonuclease RRP46
Polyadenylation and cleavage factor homolog 4	Polyadenylation and cleavage factor 4
Ferredoxin-fold anticodon-binding domain-containing protein 1 homolog	Ferredoxin-fold anticodon-binding domain-containing protein 1
Retinitis pigmentosa 9 protein homolog	Retinitis pigmentosa 9
Multidrug resistance protein homolog 49	Multidrug resistance 49
Probable sphingolipid transporter spinster homolog 3	Probable sphingolipid transporter spinster 3
Ribosome production factor 2 homolog	Ribosome production factor 2
Leucine-rich repeat protein soc-2 homolog	Leucine-rich repeat protein soc-2
Respiratory burst oxidase homolog protein D	Respiratory burst oxidase D
Trafficking protein particle complex II-specific subunit 120 homolog	Trafficking protein particle complex II-specific subunit 120
Cyclin-dependent kinase 5 homolog	Cyclin-dependent kinase 5
Reticulocyte-binding protein 2 homolog a	Reticulocyte-binding protein 2 a
Nitrate reductase [NADH] (Fragment)	Nitrate reductase [NADH]
Proline synthase co-transcribed bacterial homolog protein	Proline synthase co-transcribed bacterial
Transcription factor IIIB 90 kDa subunit	Transcription factor IIIB subunit
Signal recognition particle 9 kDa protein	Signal recognition particle protein
Intraflagellar transport protein 57 homolog	Intraflagellar transport protein 57
MMS19 nucleotide excision repair protein homolog	MMS19 nucleotide excision repair
Homologous-pairing protein 2 homolog	Homologous-pairing protein 2
GPI transamidase component PIG-T homolog	GPI transamidase component PIG-T
Putative U5 small nuclear ribonucleoprotein 200 kDa helicase	Putative U5 small nuclear ribonucleoprotein helicase
Vacuolar protein sorting-associated protein 41 homolog	Vacuolar protein sorting-associated protein 41
Endonuclease III homolog 1, chloroplastic	Endonuclease III 1, chloroplastic
Vacuolar protein sorting-associated protein 51 homolog	Vacuolar protein sorting-associated protein 51
Intraflagellar transport protein 122 homolog	Intraflagellar transport protein 122
Intraflagellar transport protein 88 homolog	Intraflagellar transport protein 88
Protein BREAST CANCER SUSCEPTIBILITY 1 homolog	Protein BREAST CANCER SUSCEPTIBILITY 1
Neurogenic locus notch homolog protein 2	Neurogenic locus notch 2
Calnexin homolog ARB_00147	Calnexin ARB_00147
MOB kinase activator-like 1 homolog A	MOB kinase activator-like 1 A
Transmembrane protein 184 homolog DDB_G0279555	Transmembrane protein 184 DDB_G0279555
Ribosomal RNA processing protein 36 homolog	Ribosomal RNA processing protein 36
DnaJ homolog subfamily C member 8	DnaJ subfamily C member 8
Vacuolar protein sorting-associated protein 28 homolog 2	Vacuolar protein sorting-associated protein 28 2
Fanconi anemia group J protein homolog	Fanconi anemia group J
U5 small nuclear ribonucleoprotein 200 kDa helicase	U5 small nuclear ribonucleoprotein helicase
DnaJ homolog subfamily C member 3	DnaJ subfamily C member 3
26S proteasome non-ATPase regulatory subunit 4 homolog	26S proteasome non-ATPase regulatory subunit 4
Protein BUD31 homolog	Protein BUD31
Ribosome biogenesis protein NSA2 homolog	Ribosome biogenesis protein NSA2
Pre-rRNA-processing protein TSR2 homolog	Pre-rRNA-processing protein TSR2
60 kDa lysophospholipase	lysophospholipase
Transmembrane protein 104 homolog	Transmembrane protein 104
DNA repair protein RAD51 homolog 3	DNA repair protein RAD51 3
Ragulator complex protein LAMTOR3 homolog	Ragulator complex protein LAMTOR3
DnaJ homolog subfamily C member 21	DnaJ subfamily C member 21
26S protease regulatory subunit 8 homolog B	26S protease regulatory subunit 8 B
Cell division cycle protein 48 homolog	Cell division cycle protein 48
Carboxymethylenebutenolidase homolog	Carboxymethylenebutenolidase
72 kDa inositol polyphosphate 5-phosphatase	inositol polyphosphate 5-phosphatase
Protein lin-54 homolog	Protein lin-54
Non-structural maintenance of chromosomes element 3 homolog	Non-structural maintenance of chromosomes element 3
DnaJ homolog subfamily C member 9	DnaJ subfamily C member 9
HEAT repeat-containing protein 1 (Fragment)	HEAT repeat-containing protein 1
Proteasome-associated protein ECM29 homolog	Proteasome-associated protein ECM29
Non-structural maintenance of chromosomes element 1 homolog	Non-structural maintenance of chromosomes element 1
Probable 125 kDa kinesin-related protein	Probable kinesin-related protein
Protein STIP1 homolog	Protein STIP1
Jerky protein homolog-like	Jerky -like
Protein NBR1 homolog	Protein NBR1
Gag-Pol polyprotein (Fragment)	Gag-Pol polyprotein
Protein PIEZO homolog	Protein PIEZO
Transcription factor IIIB 50 kDa subunit	Transcription factor IIIB subunit
Uncharacterized protein C3orf67 homolog	Uncharacterized protein C3orf67
Heat shock protein 75 kDa, mitochondrial	Heat shock protein , mitochondrial
Protein SYS1 homolog	Protein SYS1
Heat shock 70 kDa protein	Heat shock protein
E3 UFM1-protein ligase 1 homolog	E3 UFM1-protein ligase 1
Nucleolar complex protein 3 homolog	Nucleolar complex protein 3
Protein OS-9 homolog	Protein OS-9
Protein OS-9 homolog	Protein OS-9
Serine/threonine-protein phosphatase 2A 65 kDa regulatory subunit A gamma isoform	Serine/threonine-protein phosphatase 2A regulatory subunit A gamma isoform
Alpha-ketoglutarate-dependent dioxygenase alkB homolog 3	Alpha-ketoglutarate-dependent dioxygenase alkB 3
Alkylated DNA repair protein alkB homolog 8	Alkylated DNA repair protein alkB 8
DnaJ homolog subfamily B member 2	DnaJ subfamily B member 2
Lateral signaling target protein 2 homolog	Lateral signaling target protein 2
Protein raptor homolog	Protein raptor
Transmembrane protein 260 homolog	Transmembrane protein 260
Alkylated DNA repair protein alkB homolog 8	Alkylated DNA repair protein alkB 8
Carboxypeptidase Y homolog A	Carboxypeptidase Y A
Aprataxin (Fragment)	Aprataxin
Pre-mRNA-splicing factor CWC25 homolog	Pre-mRNA-splicing factor CWC25
Protein LEO1 homolog	Protein LEO1
WD repeat-containing protein 53 homolog	WD repeat-containing protein 53
Protein LSM12 homolog A	Protein LSM12 A
Protein phosphatase 2C homolog 1	Protein phosphatase 2C 1
Centromere/kinetochore protein zw10 homolog	Centromere/kinetochore protein zw10
DnaJ homolog subfamily B member 12	DnaJ subfamily B member 12
Coiled-coil domain-containing protein 65 homolog (Fragment)	Coiled-coil domain-containing protein 65
33 kDa chaperonin	chaperonin
Pseudouridylate synthase 7 homolog	Pseudouridylate synthase 7
Crt homolog 3	Crt 3
116 kDa U5 small nuclear ribonucleoprotein component	U5 small nuclear ribonucleoprotein component
Uncharacterized protein C15orf41 homolog	Uncharacterized protein C15orf41
Trafficking protein particle complex II-specific subunit 120 homolog	Trafficking protein particle complex II-specific subunit 120
Putative DNA mismatch repair protein mutS homolog L359	Putative DNA mismatch repair protein mutS L359
DnaJ homolog subfamily B member 13	DnaJ subfamily B member 13
Endonuclease III homolog	Endonuclease III
Queuine tRNA-ribosyltransferase subunit QTRTD1 homolog	Queuine tRNA-ribosyltransferase subunit QTRTD1
Golgi to ER traffic protein 4 homolog B	Golgi to ER traffic protein 4 B
Probable spastin homolog Bm1_53365	Probable spastin Bm1_53365
Meiotic recombination protein DMC1 homolog	Meiotic recombination protein DMC1
Sugar fermentation stimulation protein homolog	Sugar fermentation stimulation
Denticleless protein homolog	Denticleless
Cell differentiation protein RCD1 homolog	Cell differentiation protein RCD1
Serine/threonine-protein phosphatase PP-X homolog 4	Serine/threonine-protein phosphatase PP-X 4
Intraflagellar transport protein 74 homolog	Intraflagellar transport protein 74
Disrupted in renal carcinoma protein 2 homolog	Disrupted in renal carcinoma protein 2
Protein PAF1 homolog	Protein PAF1
Protein phosphatase PTC7 homolog fig	Protein phosphatase PTC7 fig
Centrosomal protein of 131 kDa	Centrosomal protein
Kinesin-II 95 kDa subunit	Kinesin-II subunit
Rab3 GTPase-activating protein catalytic subunit (Fragments)	Rab3 GTPase-activating protein catalytic subunit
Multidrug resistance protein homolog 49	Multidrug resistance 49
Leucine-rich repeat protein soc-2 homolog	Leucine-rich repeat protein soc-2
Nucleolar protein of 40 kDa	Nucleolar protein
Lissencephaly-1 homolog	Lissencephaly-1
IST1 homolog	IST1
Pumilio homolog 3	Pumilio 3
Uncharacterized protein C17orf105 homolog	Uncharacterized protein C17orf105
U11/U12 small nuclear ribonucleoprotein 65 kDa protein	U11/U12 small nuclear ribonucleoprotein protein
Translation factor GUF1 homolog, mitochondrial	Translation factor GUF1 , mitochondrial
ATP-dependent DNA helicase tlh1 (Fragment)	ATP-dependent DNA helicase tlh1
Protein IWS1 homolog	Protein IWS1
Replication protein A 70 kDa DNA-binding subunit C	Replication protein A DNA-binding subunit C
G patch domain-containing protein TGH homolog	G patch domain-containing protein TGH
Cyclin-dependent kinase 5 homolog	Cyclin-dependent kinase 5
Denticleless protein homolog	Denticleless
Iron-sulfur cluster assembly 1 homolog, mitochondrial	Iron-sulfur cluster assembly 1 , mitochondrial
Uncharacterized protein C15orf41 homolog	Uncharacterized protein C15orf41
Exonuclease mut-7 homolog	Exonuclease mut-7
Uncharacterized 37.1 kDa protein in transposon TN4556	Uncharacterized 37. protein in transposon TN4556
Solute carrier family 35 member E1 homolog	Solute carrier family 35 member E1
Radial spoke head 10 homolog B	Radial spoke head 10 B
Protein ERD1 homolog 1	Protein ERD1 1
Nitrilase homolog 1	Nitrilase 1
Kinesin-II 95 kDa subunit	Kinesin-II subunit
Translation factor GUF1 homolog, mitochondrial	Translation factor GUF1 , mitochondrial
Thioredoxin domain-containing protein 3 homolog	Thioredoxin domain-containing protein 3
Apoptosis-inducing factor homolog B	Apoptosis-inducing factor B
TRPM8 channel-associated factor homolog	TRPM8 channel-associated factor
Parkin coregulated gene protein homolog	Parkin coregulated gene
Protein VAC14 homolog	Protein VAC14
Pleckstrin homology domain-containing family F member 2	Pleckstrin y domain-containing family F member 2
LAG1 longevity assurance homolog 2	LAG1 longevity assurance 2
Lon protease homolog, mitochondrial	Lon protease , mitochondrial
60S ribosome subunit biogenesis protein NIP7 homolog	60S ribosome subunit biogenesis protein NIP7
UPF0568 protein C14orf166 homolog	UPF0568 protein C14orf166
Probable DNA-directed RNA polymerase subunit 1 homolog	Probable DNA-directed RNA polymerase subunit 1
Centrosomal protein of 41 kDa	Centrosomal protein
Pre-mRNA-splicing factor ISY1 homolog	Pre-mRNA-splicing factor ISY1
Reticulocyte-binding protein 2 homolog a	Reticulocyte-binding protein 2 a
Solute carrier family 35 member B1 homolog	Solute carrier family 35 member B1
Protein transport protein SEC31 homolog B	Protein transport protein SEC31 B
Carboxypeptidase Y homolog A	Carboxypeptidase Y A
tRNA methyltransferase 10 homolog A	tRNA methyltransferase 10 A
KRR1 small subunit processome component homolog	KRR1 small subunit processome component
Ataxin-10 homolog	Ataxin-10
E3 ubiquitin-protein ligase RNF181 homolog	E3 ubiquitin-protein ligase RNF181
Malignant T-cell-amplified sequence 1 homolog	Malignant T-cell-amplified sequence 1
Dolichyl-diphosphooligosaccharide--protein glycosyltransferase 48 kDa subunit	Dolichyl-diphosphooligosaccharide--protein glycosyltransferase subunit
WASH complex subunit strumpellin homolog	WASH complex subunit strumpellin
Intraflagellar transport protein 81 homolog	Intraflagellar transport protein 81
Exosome complex exonuclease RRP44 homolog A	Exosome complex exonuclease RRP44 A
Serine/threonine protein phosphatase 2A 59 kDa regulatory subunit B' gamma isoform	Serine/threonine protein phosphatase 2A regulatory subunit B' gamma isoform
Nucleolar complex protein 2 homolog	Nucleolar complex protein 2
Cell division cycle protein 48 homolog	Cell division cycle protein 48
Vacuolar protein sorting-associated protein 11 homolog	Vacuolar protein sorting-associated protein 11
Serine/threonine protein phosphatase 2A 55 kDa regulatory subunit B' delta isoform	Serine/threonine protein phosphatase 2A regulatory subunit B' delta isoform
Centrosomal protein of 44 kDa	Centrosomal protein
MutS protein homolog 4	MutS 4
